<?xml version="1.0" encoding="UTF-8"?>
<!-- Generated by org.testng.reporters.JUnitXMLReporter -->
<testsuite hostname="USBLRPKATARIAS1" name="IETest" tests="4" failures="0" timestamp="10 Sep 2016 06:12:38 GMT" time="1.732" errors="0">
  <testcase name="@BeforeMethod AppLaunch" time="0.0" classname="com.company.pack.MainScripts.Delta">
    <failure type="org.openqa.selenium.remote.SessionNotFoundException" message="Unexpected error launching Internet Explorer. Protected Mode settings are not the same for all zones. Enable Protected Mode must be set to the same value (enabled or disabled) for all zones. (WARNING: The server did not provide any stacktrace information)
Command duration or timeout: 727 milliseconds
Build info: version: &amp;apos;2.53.1&amp;apos;, revision: &amp;apos;a36b8b1&amp;apos;, time: &amp;apos;2016-06-30 17:37:03&amp;apos;
System info: host: &amp;apos;USBLRPKATARIAS1&amp;apos;, ip: &amp;apos;192.168.0.101&amp;apos;, os.name: &amp;apos;Windows 10&amp;apos;, os.arch: &amp;apos;amd64&amp;apos;, os.version: &amp;apos;10.0&amp;apos;, java.version: &amp;apos;1.8.0_101&amp;apos;
Driver info: org.openqa.selenium.ie.InternetExplorerDriver">
      <![CDATA[org.openqa.selenium.remote.SessionNotFoundException: Unexpected error launching Internet Explorer. Protected Mode settings are not the same for all zones. Enable Protected Mode must be set to the same value (enabled or disabled) for all zones. (WARNING: The server did not provide any stacktrace information)
Command duration or timeout: 727 milliseconds
Build info: version: '2.53.1', revision: 'a36b8b1', time: '2016-06-30 17:37:03'
System info: host: 'USBLRPKATARIAS1', ip: '192.168.0.101', os.name: 'Windows 10', os.arch: 'amd64', os.version: '10.0', java.version: '1.8.0_101'
Driver info: org.openqa.selenium.ie.InternetExplorerDriver
	at org.openqa.selenium.remote.ErrorHandler.createThrowable(ErrorHandler.java:206)
	at org.openqa.selenium.remote.ErrorHandler.throwIfResponseFailed(ErrorHandler.java:158)
	at org.openqa.selenium.remote.RemoteWebDriver.execute(RemoteWebDriver.java:678)
	at org.openqa.selenium.remote.RemoteWebDriver.startSession(RemoteWebDriver.java:249)
	at org.openqa.selenium.remote.RemoteWebDriver.startSession(RemoteWebDriver.java:234)
	at org.openqa.selenium.ie.InternetExplorerDriver.run(InternetExplorerDriver.java:182)
	at org.openqa.selenium.ie.InternetExplorerDriver.<init>(InternetExplorerDriver.java:174)
	at org.openqa.selenium.ie.InternetExplorerDriver.<init>(InternetExplorerDriver.java:146)
	at com.company.pack.MainScripts.Delta.AppLaunch(Delta.java:132)
... Removed 30 stack frames]]>
    </failure>
  </testcase> <!-- @BeforeMethod AppLaunch -->
  <testcase name="@AfterMethod quitApp" time="0.0" classname="com.company.pack.MainScripts.Delta">
    <skipped/>
  </testcase> <!-- @AfterMethod quitApp -->
  <testcase name="@BeforeMethod AppLaunch" time="0.0" classname="com.company.pack.MainScripts.Delta">
    <skipped/>
  </testcase> <!-- @BeforeMethod AppLaunch -->
  <testcase name="@AfterMethod quitApp" time="0.0" classname="com.company.pack.MainScripts.Delta">
    <skipped/>
  </testcase> <!-- @AfterMethod quitApp -->
  <testcase name="@BeforeMethod AppLaunch" time="0.0" classname="com.company.pack.MainScripts.Delta">
    <skipped/>
  </testcase> <!-- @BeforeMethod AppLaunch -->
  <testcase name="@AfterMethod quitApp" time="0.0" classname="com.company.pack.MainScripts.Delta">
    <skipped/>
  </testcase> <!-- @AfterMethod quitApp -->
  <testcase name="@BeforeMethod AppLaunch" time="0.0" classname="com.company.pack.MainScripts.Delta">
    <skipped/>
  </testcase> <!-- @BeforeMethod AppLaunch -->
  <testcase name="@AfterMethod quitApp" time="0.0" classname="com.company.pack.MainScripts.Delta">
    <skipped/>
  </testcase> <!-- @AfterMethod quitApp -->
  <testcase name="@AfterTest endFramework" time="0.0" classname="com.company.pack.MainScripts.Delta">
    <skipped/>
  </testcase> <!-- @AfterTest endFramework -->
  <testcase name="MultipleLoginActitime" time="0.001" classname="com.company.pack.MainScripts.Delta">
    <skipped/>
  </testcase> <!-- MultipleLoginActitime -->
  <testcase name="MultipleLoginActitime" time="0.002" classname="com.company.pack.MainScripts.Delta">
    <skipped/>
  </testcase> <!-- MultipleLoginActitime -->
  <testcase name="MultipleLoginActitime" time="0.001" classname="com.company.pack.MainScripts.Delta">
    <skipped/>
  </testcase> <!-- MultipleLoginActitime -->
  <testcase name="MultipleLoginActitime" time="0.001" classname="com.company.pack.MainScripts.Delta">
    <skipped/>
  </testcase> <!-- MultipleLoginActitime -->
</testsuite> <!-- IETest -->
