<?xml version="1.0" encoding="UTF-8"?>
<!-- Generated by org.testng.reporters.JUnitXMLReporter -->
<testsuite hostname="USBLRPKATARIAS1" name="Test" tests="4" failures="0" timestamp="10 Sep 2016 05:03:08 GMT" time="46.003" errors="0">
  <testcase name="MultipleLoginActitime" time="1.398" classname="com.company.pack.MainScripts.Delta"/>
  <testcase name="MultipleLoginActitime" time="0.002" classname="com.company.pack.MainScripts.Delta">
    <skipped/>
  </testcase> <!-- MultipleLoginActitime -->
  <testcase name="MultipleLoginActitime" time="1.312" classname="com.company.pack.MainScripts.Delta"/>
  <testcase name="MultipleLoginActitime" time="1.364" classname="com.company.pack.MainScripts.Delta"/>
</testsuite> <!-- Test -->
